Mar 10 21:24 : exception: Failed to open '/home/wahyu/.config/mpd/mpdstate': No such file or directory
Mar 10 21:24 : update: removing Horst Wessel Lied.mp3
Mar 10 21:24 : update: removing Haus neues Berlin.mp3
Mar 10 21:24 : update: removing Godzilla ft. Juice WRLD.mp3
Mar 10 21:24 : update: removing Freie Deutsche Jugend.mp3
Mar 10 21:24 : update: removing English Anthem of USSR.mp3
Mar 10 21:24 : update: removing Dont Stop Me Now.mp3
Mar 10 21:24 : update: removing Der Fuehrers Face.mp3
Mar 10 21:24 : update: removing Chlorine.mp3
Mar 10 21:24 : update: removing Boom Boom.mp3
Mar 10 21:24 : update: removing Blinding Lights.mp3
Mar 10 21:24 : update: removing Best Day Of My Life.mp3
Mar 10 21:24 : update: removing Believer.mp3
Mar 10 21:24 : update: removing Bad Apple.mp3
Mar 10 21:24 : update: removing Arts of Blade.mp3
Mar 10 21:24 : update: removing All Star.mp3
Mar 10 21:24 : update: removing 14 minutes to START.mp3
Mar 10 21:24 : update: removing Pompeii.mp3
Mar 10 21:24 : update: removing PanzerLied.mp3
Mar 10 21:24 : update: removing Necromantic.mp3
Mar 10 21:24 : update: removing National Anthem of USSR.mp3
Mar 10 21:24 : update: removing My Treasure.mp3
Mar 10 21:24 : update: removing Monochrome Sky.mp3
Mar 10 21:24 : update: removing Katyusha.mp3
Mar 10 21:24 : update: removing Its A Long Way To Tipperary.mp3
Mar 10 21:24 : update: removing Instrumental anthem of USSR .mp3
Mar 10 21:24 : update: removing Imperial Japanese Army March.mp3
Mar 10 21:24 : update: removing How To Save A Life.mp3
Mar 10 21:24 : update: removing House Of The Rising Sun.mp3
Mar 10 21:24 : update: removing Soviet March Metal Cover.mp3
Mar 10 21:24 : update: removing sepuh.mp3
Mar 10 21:24 : update: removing Ride.mp3
Mar 10 21:24 : update: removing Red Army is The Strongest.mp3
Mar 10 21:24 : update: removing Radio Ga Ga.mp3
Mar 10 21:24 : update: removing Powerful Anthem of USSR.mp3
Mar 10 21:24 : update: removing The Lazy Song.mp3
Mar 10 21:24 : update: removing Stressed Out.mp3
Mar 10 21:24 : update: removing Stereo Hearts ft Adam Levine.mp3
Mar 10 21:24 : update: removing Soviet March.mp3
Mar 10 21:24 : update: removing Tri Tankista.mp3
Mar 10 21:24 : update: removing THRIFT SHOP.mp3
Mar 10 21:24 : update: removing tutturuu.mp3
Mar 10 21:24 : update: removing Waiting For Love.mp3
Mar 10 21:24 : update: removing Wake Me Up.mp3
Mar 10 21:24 : update: removing Wenn IFA Wartburg Spielt.mp3
Mar 10 21:24 : update: removing We Are Young.mp3
Mar 10 21:24 : update: removing WARNING×WARNING×WARNING.mp3
Mar 10 21:24 : update: removing Wo alle Straßen enden.mp3
Mar 10 21:24 : update: removing What You Know.mp3
Mar 10 21:24 : update: removing Yellow River.mp3
Mar 10 21:24 : update: removing Анархия мама.mp3
Mar 10 21:24 : update: removing 私は No 1!.mp3
Mar 10 21:24 : update: removing マーメイド ラブストーリー.mp3
Mar 10 21:24 : update: removing И вновь продолжается бой!.mp3
Mar 10 21:29 : update: added /Dont Stop Me Now.mp3
Mar 10 21:29 : update: added /Instrumental anthem of USSR .mp3
Mar 10 21:29 : update: added /National Anthem of USSR.mp3
Mar 10 21:29 : update: added /Blinding Lights.mp3
Mar 10 21:29 : update: added /Yellow River.mp3
Mar 10 21:29 : update: added /Best Day Of My Life.mp3
Mar 10 21:29 : update: added /Arts of Blade.mp3
Mar 10 21:29 : update: added /Believer.mp3
Mar 10 21:29 : update: added /Its A Long Way To Tipperary.mp3
Mar 10 21:29 : update: added /Red Army is The Strongest.mp3
Mar 10 21:29 : update: added /Pompeii.mp3
Mar 10 21:29 : update: added /Radio Ga Ga.mp3
Mar 10 21:29 : update: added /THRIFT SHOP.mp3
Mar 10 21:29 : update: added /House Of The Rising Sun.mp3
Mar 10 21:29 : update: added /PanzerLied.mp3
Mar 10 21:29 : update: added /How To Save A Life.mp3
Mar 10 21:29 : update: added /私は No 1!.mp3
Mar 10 21:29 : update: added /We Are Young.mp3
Mar 10 21:29 : update: added /Stereo Hearts ft Adam Levine.mp3
Mar 10 21:29 : update: added /Stressed Out.mp3
Mar 10 21:29 : update: added /What You Know.mp3
Mar 10 21:29 : update: added /Freie Deutsche Jugend.mp3
Mar 10 21:29 : update: added /Godzilla ft. Juice WRLD.mp3
Mar 10 21:29 : update: added /14 minutes to START.mp3
Mar 10 21:29 : update: added /Soviet March.mp3
Mar 10 21:29 : update: added /Horst Wessel Lied.mp3
Mar 10 21:29 : update: added /Haus neues Berlin.mp3
Mar 10 21:29 : update: added /Der Fuehrers Face.mp3
Mar 10 21:29 : update: added /Necromantic.mp3
Mar 10 21:29 : update: added /Soviet March Metal Cover.mp3
Mar 10 21:29 : update: added /Анархия мама.mp3
Mar 10 21:29 : update: added /Wenn IFA Wartburg Spielt.mp3
Mar 10 21:29 : update: added /マーメイド ラブストーリー.mp3
Mar 10 21:29 : update: added /Chlorine.mp3
Mar 10 21:29 : update: added /My Treasure.mp3
Mar 10 21:29 : update: added /Monochrome Sky.mp3
Mar 10 21:29 : update: added /Tri Tankista.mp3
Mar 10 21:29 : update: added /All Star.mp3
Mar 10 21:29 : update: added /Powerful Anthem of USSR.mp3
Mar 10 21:29 : update: added /Bad Apple.mp3
Mar 10 21:29 : update: added /The Lazy Song.mp3
Mar 10 21:29 : update: added /Ride.mp3
Mar 10 21:29 : update: added /tutturuu.mp3
Mar 10 21:29 : update: added /Wake Me Up.mp3
Mar 10 21:29 : update: added /Boom Boom.mp3
Mar 10 21:29 : update: added /Wo alle Straßen enden.mp3
Mar 10 21:29 : update: added /English Anthem of USSR.mp3
Mar 10 21:29 : update: added /Katyusha.mp3
Mar 10 21:29 : update: added /sepuh.mp3
Mar 10 21:29 : update: added /Imperial Japanese Army March.mp3
Mar 10 21:29 : update: added /И вновь продолжается бой!.mp3
Mar 10 21:29 : update: added /Waiting For Love.mp3
Mar 10 21:29 : update: added /WARNING×WARNING×WARNING.mp3
Mar 10 21:34 : player: played "Necromantic.mp3"
Mar 10 21:37 : player: played "Necromantic.mp3"
Mar 10 21:53 : player: played "Necromantic.mp3"
Mar 10 21:59 : player: played "Necromantic.mp3"
Mar 10 22:05 : player: played "Necromantic.mp3"
Mar 10 22:10 : player: played "Necromantic.mp3"
Mar 10 22:14 : player: played "Necromantic.mp3"
Mar 10 22:19 : player: played "Necromantic.mp3"
Mar 10 22:23 : player: played "Necromantic.mp3"
Mar 10 22:28 : player: played "Necromantic.mp3"
Mar 10 22:33 : player: played "Necromantic.mp3"
Mar 10 22:58 : player: played "Necromantic.mp3"
Mar 10 23:02 : player: played "We Are Young.mp3"
Mar 10 23:20 : player: played "We Are Young.mp3"
Mar 10 23:24 : player: played "We Are Young.mp3"
Mar 10 23:29 : player: played "We Are Young.mp3"
Mar 10 23:33 : player: played "We Are Young.mp3"
Mar 10 23:37 : player: played "We Are Young.mp3"
Mar 11 05:21 : player: played "We Are Young.mp3"
Mar 11 05:25 : player: played "私は No 1!.mp3"
Mar 11 05:33 : player: played "私は No 1!.mp3"
Mar 11 05:38 : player: played "私は No 1!.mp3"
Mar 11 05:41 : player: played "私は No 1!.mp3"
Mar 11 05:45 : player: played "私は No 1!.mp3"
Mar 11 05:49 : player: played "私は No 1!.mp3"
Mar 11 05:52 : player: played "私は No 1!.mp3"
Mar 11 05:56 : player: played "私は No 1!.mp3"
Mar 11 06:20 : player: played "私は No 1!.mp3"
Mar 11 06:25 : player: played "Necromantic.mp3"
Mar 11 06:51 : player: played "Necromantic.mp3"
Mar 11 06:56 : player: played "Necromantic.mp3"
Mar 11 07:00 : player: played "Necromantic.mp3"
Mar 11 07:15 : player: played "Necromantic.mp3"
Mar 11 07:22 : player: played "Necromantic.mp3"
Mar 11 07:27 : player: played "Necromantic.mp3"
Mar 11 07:28 : player: played "Necromantic.mp3"
Mar 11 07:37 : player: played "WARNING×WARNING×WARNING.mp3"
Mar 11 07:37 : player: played "WARNING×WARNING×WARNING.mp3"
Mar 11 07:41 : player: played "Bad Apple.mp3"
Mar 11 07:45 : player: played "Bad Apple.mp3"
Mar 11 07:48 : player: played "Bad Apple.mp3"
Mar 11 07:52 : player: played "Bad Apple.mp3"
Mar 11 07:56 : player: played "Bad Apple.mp3"
Mar 11 07:59 : player: played "Bad Apple.mp3"
Mar 11 08:03 : player: played "Bad Apple.mp3"
Mar 11 08:07 : player: played "Bad Apple.mp3"
Mar 11 08:10 : player: played "Bad Apple.mp3"
Mar 11 08:14 : player: played "Bad Apple.mp3"
Mar 11 08:17 : player: played "Bad Apple.mp3"
Mar 11 08:21 : player: played "Bad Apple.mp3"
Mar 11 08:25 : player: played "Bad Apple.mp3"
Mar 11 08:28 : player: played "Bad Apple.mp3"
Mar 11 08:32 : player: played "Bad Apple.mp3"
Mar 11 08:36 : player: played "Bad Apple.mp3"
Mar 11 08:39 : player: played "Bad Apple.mp3"
Mar 11 08:43 : player: played "Bad Apple.mp3"
Mar 11 08:47 : player: played "Bad Apple.mp3"
Mar 11 08:50 : player: played "Bad Apple.mp3"
Mar 11 08:54 : player: played "Bad Apple.mp3"
Mar 11 08:58 : player: played "Bad Apple.mp3"
Mar 11 09:01 : player: played "Bad Apple.mp3"
Mar 11 09:05 : player: played "Bad Apple.mp3"
Mar 11 09:09 : player: played "Bad Apple.mp3"
Mar 11 09:12 : player: played "Bad Apple.mp3"
Mar 11 09:16 : player: played "Bad Apple.mp3"
Mar 11 09:20 : player: played "Bad Apple.mp3"
Mar 11 09:23 : player: played "Bad Apple.mp3"
Mar 11 09:27 : player: played "Bad Apple.mp3"
Mar 11 09:30 : player: played "Bad Apple.mp3"
Mar 11 09:34 : player: played "Bad Apple.mp3"
Mar 11 09:38 : player: played "Bad Apple.mp3"
Mar 11 09:41 : player: played "Bad Apple.mp3"
Mar 11 09:45 : player: played "Bad Apple.mp3"
Mar 11 09:49 : player: played "Bad Apple.mp3"
Mar 11 09:52 : player: played "Bad Apple.mp3"
Mar 11 09:56 : player: played "Bad Apple.mp3"
Mar 11 10:00 : player: played "Bad Apple.mp3"
Mar 11 10:03 : player: played "Bad Apple.mp3"
Mar 11 10:07 : player: played "Bad Apple.mp3"
Mar 11 10:11 : player: played "Bad Apple.mp3"
Mar 11 10:14 : player: played "Bad Apple.mp3"
Mar 11 10:18 : player: played "Bad Apple.mp3"
Mar 11 10:22 : player: played "Bad Apple.mp3"
Mar 11 10:25 : player: played "Bad Apple.mp3"
Mar 11 10:29 : player: played "Bad Apple.mp3"
Mar 11 10:33 : player: played "Bad Apple.mp3"
Mar 11 10:36 : player: played "Bad Apple.mp3"
Mar 11 10:40 : player: played "Bad Apple.mp3"
Mar 11 10:44 : player: played "Bad Apple.mp3"
Mar 11 10:47 : player: played "Bad Apple.mp3"
Mar 11 10:51 : player: played "Bad Apple.mp3"
Mar 11 10:54 : player: played "Bad Apple.mp3"
Mar 11 10:58 : player: played "Bad Apple.mp3"
Mar 11 11:02 : player: played "Bad Apple.mp3"
Mar 11 11:05 : player: played "Bad Apple.mp3"
Mar 11 11:09 : player: played "Bad Apple.mp3"
Mar 11 11:13 : player: played "Bad Apple.mp3"
Mar 11 11:16 : player: played "Bad Apple.mp3"
Mar 11 11:20 : player: played "Bad Apple.mp3"
Mar 11 11:24 : player: played "Bad Apple.mp3"
Mar 11 11:27 : player: played "Bad Apple.mp3"
Mar 11 11:31 : player: played "Bad Apple.mp3"
Mar 11 11:35 : player: played "Bad Apple.mp3"
Mar 11 11:38 : player: played "Bad Apple.mp3"
Mar 11 11:42 : player: played "Bad Apple.mp3"
Mar 11 11:46 : player: played "Bad Apple.mp3"
Mar 11 11:49 : player: played "Bad Apple.mp3"
Mar 11 11:53 : player: played "Bad Apple.mp3"
Mar 11 11:57 : player: played "Bad Apple.mp3"
Mar 11 12:00 : player: played "Bad Apple.mp3"
Mar 11 12:04 : player: played "Bad Apple.mp3"
Mar 11 12:08 : player: played "Bad Apple.mp3"
Mar 11 12:11 : player: played "Bad Apple.mp3"
Mar 11 12:15 : player: played "Bad Apple.mp3"
Mar 11 12:18 : player: played "Bad Apple.mp3"
Mar 11 12:22 : player: played "Bad Apple.mp3"
Mar 11 12:26 : player: played "Bad Apple.mp3"
Mar 11 12:29 : player: played "Bad Apple.mp3"
Mar 11 12:33 : player: played "Bad Apple.mp3"
Mar 11 12:37 : player: played "Bad Apple.mp3"
Mar 11 12:40 : player: played "Bad Apple.mp3"
Mar 11 12:44 : player: played "Bad Apple.mp3"
Mar 11 12:48 : player: played "Bad Apple.mp3"
Mar 11 12:51 : player: played "Bad Apple.mp3"
Mar 11 12:55 : player: played "Bad Apple.mp3"
Mar 11 12:59 : player: played "Bad Apple.mp3"
Mar 11 13:19 : player: played "Bad Apple.mp3"
Mar 11 13:23 : player: played "Bad Apple.mp3"
Mar 11 13:27 : player: played "Bad Apple.mp3"
Mar 11 13:30 : player: played "Bad Apple.mp3"
Mar 11 13:34 : player: played "Bad Apple.mp3"
Mar 11 13:38 : player: played "Bad Apple.mp3"
Mar 11 13:46 : player: played "Bad Apple.mp3"
Mar 11 13:51 : player: played "Bad Apple.mp3"
Mar 11 13:55 : player: played "Bad Apple.mp3"
Mar 11 13:58 : player: played "Bad Apple.mp3"
Mar 11 14:02 : player: played "Bad Apple.mp3"
Mar 11 14:05 : player: played "Bad Apple.mp3"
Mar 11 14:09 : player: played "Bad Apple.mp3"
Mar 11 14:41 : player: played "Bad Apple.mp3"
Mar 11 14:45 : player: played "Bad Apple.mp3"
Mar 11 14:49 : player: played "Bad Apple.mp3"
Mar 11 14:52 : player: played "Bad Apple.mp3"
Mar 11 16:31 : player: played "Bad Apple.mp3"
Mar 11 17:41 : player: played "Bad Apple.mp3"
Mar 12 04:43 : player: played "Bad Apple.mp3"
Mar 12 04:48 : player: played "Necromantic.mp3"
Mar 12 04:52 : player: played "Necromantic.mp3"
Mar 12 04:57 : player: played "Necromantic.mp3"
Mar 12 05:02 : player: played "Necromantic.mp3"
Mar 12 05:06 : player: played "Necromantic.mp3"
Mar 12 05:11 : player: played "Necromantic.mp3"
Mar 12 06:21 : player: played "Necromantic.mp3"
Mar 12 06:26 : player: played "Necromantic.mp3"
Mar 12 06:30 : player: played "Necromantic.mp3"
Mar 12 06:35 : player: played "Necromantic.mp3"
Mar 12 06:39 : player: played "Necromantic.mp3"
Mar 12 06:44 : player: played "Necromantic.mp3"
Mar 12 06:45 : player: played "Necromantic.mp3"
Mar 12 06:50 : player: played "WARNING×WARNING×WARNING.mp3"
Mar 12 06:53 : player: played "WARNING×WARNING×WARNING.mp3"
Mar 12 06:56 : player: played "Bad Apple.mp3"
Mar 12 07:00 : player: played "Bad Apple.mp3"
Mar 12 07:04 : player: played "Bad Apple.mp3"
Mar 12 07:07 : player: played "Bad Apple.mp3"
Mar 12 07:11 : player: played "Bad Apple.mp3"
Mar 12 08:15 : player: played "Bad Apple.mp3"
Mar 12 08:19 : player: played "Bad Apple.mp3"
Mar 12 08:22 : player: played "Bad Apple.mp3"
Mar 12 08:26 : player: played "Bad Apple.mp3"
Mar 12 08:30 : player: played "Bad Apple.mp3"
Mar 12 08:33 : player: played "Bad Apple.mp3"
Mar 12 08:37 : player: played "Bad Apple.mp3"
Mar 12 08:41 : player: played "Bad Apple.mp3"
Mar 12 08:44 : player: played "Bad Apple.mp3"
Mar 12 08:53 : player: played "Bad Apple.mp3"
Mar 12 08:57 : player: played "Bad Apple.mp3"
Mar 12 09:00 : player: played "Bad Apple.mp3"
Mar 12 09:04 : player: played "Bad Apple.mp3"
Mar 12 09:08 : player: played "Bad Apple.mp3"
Mar 12 09:11 : player: played "Bad Apple.mp3"
Mar 12 09:15 : player: played "Bad Apple.mp3"
Mar 12 09:19 : player: played "Bad Apple.mp3"
Mar 12 15:00 : player: played "Bad Apple.mp3"
Mar 12 15:01 : player: played "Bad Apple.mp3"
Mar 12 15:05 : player: played "Freie Deutsche Jugend.mp3"
Mar 12 15:10 : player: played "Freie Deutsche Jugend.mp3"
Mar 12 15:15 : player: played "Freie Deutsche Jugend.mp3"
Mar 12 15:19 : player: played "Freie Deutsche Jugend.mp3"
Mar 12 15:24 : player: played "Freie Deutsche Jugend.mp3"
Mar 12 15:29 : player: played "Freie Deutsche Jugend.mp3"
Mar 12 15:33 : player: played "Freie Deutsche Jugend.mp3"
Mar 12 15:38 : player: played "Freie Deutsche Jugend.mp3"
Mar 12 15:42 : player: played "Freie Deutsche Jugend.mp3"
Mar 12 15:47 : player: played "Freie Deutsche Jugend.mp3"
Mar 12 15:52 : player: played "Freie Deutsche Jugend.mp3"
Mar 12 15:56 : player: played "Freie Deutsche Jugend.mp3"
Mar 12 16:01 : player: played "Freie Deutsche Jugend.mp3"
Mar 12 16:05 : player: played "Freie Deutsche Jugend.mp3"
Mar 12 16:10 : player: played "Freie Deutsche Jugend.mp3"
Mar 12 16:15 : player: played "Freie Deutsche Jugend.mp3"
Mar 12 16:19 : player: played "Freie Deutsche Jugend.mp3"
Mar 12 16:24 : player: played "Freie Deutsche Jugend.mp3"
Mar 12 16:29 : player: played "Freie Deutsche Jugend.mp3"
Mar 12 16:33 : player: played "Freie Deutsche Jugend.mp3"
Mar 12 16:38 : player: played "Freie Deutsche Jugend.mp3"
Mar 12 16:42 : player: played "Freie Deutsche Jugend.mp3"
Mar 12 16:53 : player: played "Freie Deutsche Jugend.mp3"
Mar 12 16:58 : player: played "Freie Deutsche Jugend.mp3"
Mar 12 17:03 : player: played "Freie Deutsche Jugend.mp3"
Mar 12 17:07 : player: played "Freie Deutsche Jugend.mp3"
Mar 12 17:12 : player: played "Freie Deutsche Jugend.mp3"
Mar 12 17:12 : player: played "Freie Deutsche Jugend.mp3"
Mar 12 17:16 : player: played "Necromantic.mp3"
Mar 12 17:21 : player: played "Necromantic.mp3"
Mar 12 17:26 : player: played "Necromantic.mp3"
Mar 12 20:50 : player: played "Necromantic.mp3"
Mar 12 20:54 : player: played "Necromantic.mp3"
Mar 12 20:59 : player: played "Necromantic.mp3"
Mar 13 05:25 : player: played "Necromantic.mp3"
Mar 13 05:30 : player: played "Necromantic.mp3"
Mar 13 05:45 : player: played "Necromantic.mp3"
Mar 13 05:49 : player: played "Necromantic.mp3"
Mar 13 05:54 : player: played "Necromantic.mp3"
Mar 13 07:10 : player: played "Necromantic.mp3"
Mar 13 07:14 : player: played "Necromantic.mp3"
Mar 13 07:19 : player: played "Necromantic.mp3"
Mar 13 07:23 : player: played "Necromantic.mp3"
Mar 13 08:16 : player: played "Necromantic.mp3"
Mar 13 08:20 : player: played "Necromantic.mp3"
Mar 13 08:25 : player: played "Necromantic.mp3"
Mar 13 08:30 : player: played "Necromantic.mp3"
Mar 13 08:34 : player: played "Necromantic.mp3"
Mar 13 08:39 : player: played "Necromantic.mp3"
Mar 13 08:43 : player: played "Necromantic.mp3"
Mar 13 08:48 : player: played "Necromantic.mp3"
Mar 13 08:53 : player: played "Necromantic.mp3"
Mar 13 08:57 : player: played "Necromantic.mp3"
Mar 13 09:02 : player: played "Necromantic.mp3"
Mar 13 09:06 : player: played "Necromantic.mp3"
Mar 13 09:11 : player: played "Necromantic.mp3"
Mar 13 09:15 : player: played "Necromantic.mp3"
Mar 13 09:20 : player: played "Necromantic.mp3"
Mar 13 09:25 : player: played "Necromantic.mp3"
Mar 13 09:27 : player: played "Necromantic.mp3"
Mar 13 09:31 : player: played "WARNING×WARNING×WARNING.mp3"
Mar 13 09:36 : player: played "WARNING×WARNING×WARNING.mp3"
Mar 13 09:40 : player: played "WARNING×WARNING×WARNING.mp3"
Mar 13 09:45 : player: played "WARNING×WARNING×WARNING.mp3"
Mar 13 09:45 : player: played "WARNING×WARNING×WARNING.mp3"
Mar 13 09:49 : player: played "私は No 1!.mp3"
Mar 13 09:52 : player: played "私は No 1!.mp3"
